2019-12-18 12:23:10,141 INFO o.a.j.u.JMeterUtils: Setting Locale to en_EN
2019-12-18 12:23:10,179 INFO o.a.j.JMeter: Loading user properties from: /opt/apache-jmeter-5.1.1/bin/user.properties
2019-12-18 12:23:10,180 INFO o.a.j.JMeter: Loading system properties from: /opt/apache-jmeter-5.1.1/bin/system.properties
2019-12-18 12:23:10,188 INFO o.a.j.JMeter: Copyright (c) 1998-2019 The Apache Software Foundation
2019-12-18 12:23:10,189 INFO o.a.j.JMeter: Version 5.1.1 r1855137
2019-12-18 12:23:10,189 INFO o.a.j.JMeter: java.version=1.8.0_222
2019-12-18 12:23:10,189 INFO o.a.j.JMeter: java.vm.name=OpenJDK 64-Bit Server VM
2019-12-18 12:23:10,189 INFO o.a.j.JMeter: os.name=Linux
2019-12-18 12:23:10,189 INFO o.a.j.JMeter: os.arch=amd64
2019-12-18 12:23:10,189 INFO o.a.j.JMeter: os.version=4.13.0-36-generic
2019-12-18 12:23:10,189 INFO o.a.j.JMeter: file.encoding=UTF-8
2019-12-18 12:23:10,189 INFO o.a.j.JMeter: java.awt.headless=null
2019-12-18 12:23:10,190 INFO o.a.j.JMeter: Max memory     =2373976064
2019-12-18 12:23:10,190 INFO o.a.j.JMeter: Available Processors =2
2019-12-18 12:23:10,201 INFO o.a.j.JMeter: Default Locale=English (EN)
2019-12-18 12:23:10,202 INFO o.a.j.JMeter: JMeter  Locale=English (EN)
2019-12-18 12:23:10,202 INFO o.a.j.JMeter: JMeterHome=/opt/apache-jmeter-5.1.1
2019-12-18 12:23:10,202 INFO o.a.j.JMeter: user.dir  =/home/fdadmin/docker-jmeter
2019-12-18 12:23:10,202 INFO o.a.j.JMeter: PWD       =/home/fdadmin/docker-jmeter
2019-12-18 12:23:10,203 INFO o.a.j.JMeter: IP: 172.17.0.3 Name: 32cb89eb8d5d FullName: 32cb89eb8d5d
2019-12-18 12:23:10,230 ERROR o.a.j.JMeter: An error occurred: 
java.awt.HeadlessException: 
No X11 DISPLAY variable was set, but this program performed an operation which requires it.
	at java.awt.GraphicsEnvironment.checkHeadless(GraphicsEnvironment.java:204) ~[?:1.8.0_222]
	at java.awt.Window.<init>(Window.java:536) ~[?:1.8.0_222]
	at java.awt.Frame.<init>(Frame.java:420) ~[?:1.8.0_222]
	at java.awt.Frame.<init>(Frame.java:385) ~[?:1.8.0_222]
	at javax.swing.SwingUtilities$SharedOwnerFrame.<init>(SwingUtilities.java:1762) ~[?:1.8.0_222]
	at javax.swing.SwingUtilities.getSharedOwnerFrame(SwingUtilities.java:1837) ~[?:1.8.0_222]
	at javax.swing.JWindow.<init>(JWindow.java:187) ~[?:1.8.0_222]
	at javax.swing.JWindow.<init>(JWindow.java:139) ~[?:1.8.0_222]
	at org.apache.jmeter.SplashScreen.<init>(SplashScreen.java:45) ~[ApacheJMeter_core.jar:5.1.1 r1855137]
	at org.apache.jmeter.JMeter.startGui(JMeter.java:375) ~[ApacheJMeter_core.jar:5.1.1 r1855137]
	at org.apache.jmeter.JMeter.start(JMeter.java:544) [ApacheJMeter_core.jar:5.1.1 r1855137]
	at sun.reflect.NativeMethodAccessorImpl.invoke0(Native Method) ~[?:1.8.0_222]
	at sun.reflect.NativeMethodAccessorImpl.invoke(NativeMethodAccessorImpl.java:62) ~[?:1.8.0_222]
	at sun.reflect.DelegatingMethodAccessorImpl.invoke(DelegatingMethodAccessorImpl.java:43) ~[?:1.8.0_222]
	at java.lang.reflect.Method.invoke(Method.java:498) ~[?:1.8.0_222]
	at org.apache.jmeter.NewDriver.main(NewDriver.java:253) [ApacheJMeter.jar:5.1.1 r1855137]
